<?xml version="1.0" encoding="UTF-8"?>
<!-- Generated by org.testng.reporters.JUnitReportReporter -->
<testsuite hostname="DESKTOP-JQNKNO0" name="tp_shop.tpShop" tests="1" failures="0" timestamp="12 Nov 2019 08:46:06 GMT" time="31.483" errors="0">
  <testcase name="register" time="31.483" classname="tp_shop.tpShop"/>
</testsuite> <!-- tp_shop.tpShop -->
