<?xml version="1.0" encoding="UTF-8"?>
<!-- Generated by org.testng.reporters.JUnitReportReporter -->
<testsuite hostname="LAPTOP-GAD15EJN" name="com.edu.core.FreeMarker" tests="1" failures="0" timestamp="13 Nov 2019 08:54:02 GMT" time="0.264" errors="0">
  <testcase name="createHTML" time="0.264" classname="com.edu.core.FreeMarker"/>
</testsuite> <!-- com.edu.core.FreeMarker -->
