<?xml version="1.0" encoding="UTF-8"?>
<!-- Generated by org.testng.reporters.JUnitReportReporter -->
<testsuite hostname="LAPTOP-GAD15EJN" name="com.edu.dataprovider.NSDataProvider" tests="3" failures="0" timestamp="18 Sep 2019 07:48:20 GMT" time="0.039" errors="0">
  <testcase name="testDB" time="0.005" classname="com.edu.dataprovider.NSDataProvider"/>
  <testcase name="testDB" time="0.005" classname="com.edu.dataprovider.NSDataProvider"/>
  <testcase name="testDB" time="0.029" classname="com.edu.dataprovider.NSDataProvider"/>
</testsuite> <!-- com.edu.dataprovider.NSDataProvider -->
