<?xml version="1.0" encoding="UTF-8"?>
<!-- Generated by org.testng.reporters.JUnitReportReporter -->
<testsuite hostname="LAPTOP-GAD15EJN" name="com.edu.test.SkulistTest" tests="1" failures="0" timestamp="18 Sep 2019 06:50:25 GMT" time="1.709" errors="0">
  <testcase name="test1" time="1.709" classname="com.edu.test.SkulistTest"/>
</testsuite> <!-- com.edu.test.SkulistTest -->
