<?xml version="1.0" encoding="UTF-8"?>
<!-- Generated by org.testng.reporters.JUnitReportReporter -->
<testsuite hostname="LAPTOP-GAD15EJN" name="BackgroundPage.PageManage" tests="23" failures="0" timestamp="5 Dec 2019 01:08:54 GMT" time="140.941" errors="0">
  <testcase name="test_AddLinkTop" time="7.073" classname="BackgroundPage.PageManage"/>
  <testcase name="test_AddIndustry" time="3.966" classname="BackgroundPage.PageManage"/>
  <testcase name="test_AddLinkBottom" time="7.277" classname="BackgroundPage.PageManage"/>
  <testcase name="test_AddIndustry" time="3.998" classname="BackgroundPage.PageManage"/>
  <testcase name="test_AddIndustry" time="3.980" classname="BackgroundPage.PageManage"/>
  <testcase name="test_AddIndustry" time="3.926" classname="BackgroundPage.PageManage"/>
  <testcase name="test_Click01" time="6.581" classname="BackgroundPage.PageManage"/>
  <testcase name="test_Click01" time="10.018" classname="BackgroundPage.PageManage"/>
  <testcase name="test_AddIndustry" time="3.945" classname="BackgroundPage.PageManage"/>
  <testcase name="test_Click02" time="6.723" classname="BackgroundPage.PageManage"/>
  <testcase name="test_AddIndustry" time="4.042" classname="BackgroundPage.PageManage"/>
  <testcase name="test_Click01" time="6.653" classname="BackgroundPage.PageManage"/>
  <testcase name="test_AddLinkTop" time="6.974" classname="BackgroundPage.PageManage"/>
  <testcase name="test_AddIndustry" time="3.951" classname="BackgroundPage.PageManage"/>
  <testcase name="test_AddLinkBottom" time="7.356" classname="BackgroundPage.PageManage"/>
  <testcase name="test_AddLinkBottom" time="7.257" classname="BackgroundPage.PageManage"/>
  <testcase name="test_AddIndustry" time="3.955" classname="BackgroundPage.PageManage"/>
  <testcase name="test_AddLinkTop" time="7.036" classname="BackgroundPage.PageManage"/>
  <testcase name="test_Click01" time="6.671" classname="BackgroundPage.PageManage"/>
  <testcase name="test_Click01" time="6.560" classname="BackgroundPage.PageManage"/>
  <testcase name="test_Click01" time="6.693" classname="BackgroundPage.PageManage"/>
  <testcase name="test_Click01" time="6.607" classname="BackgroundPage.PageManage"/>
  <testcase name="test_Page" time="9.699" classname="BackgroundPage.PageManage"/>
</testsuite> <!-- BackgroundPage.PageManage -->
