<?xml version="1.0" encoding="UTF-8"?>
<!-- Generated by org.testng.reporters.JUnitReportReporter -->
<testsuite hostname="LAPTOP-GAD15EJN" name="lixiaoyue.Test_DiZhi" tests="11" failures="0" timestamp="8 Dec 2019 02:06:24 GMT" time="171.361" errors="0">
  <testcase name="Change" time="16.545" classname="lixiaoyue.Test_DiZhi"/>
  <testcase name="Entry" time="41.693" classname="lixiaoyue.Test_DiZhi"/>
  <testcase name="Change1" time="13.436" classname="lixiaoyue.Test_DiZhi"/>
  <testcase name="Change2" time="10.075" classname="lixiaoyue.Test_DiZhi"/>
  <testcase name="Change" time="16.610" classname="lixiaoyue.Test_DiZhi"/>
  <testcase name="test_AddGood01" time="19.007" classname="lixiaoyue.Test_DiZhi"/>
  <testcase name="DiZhi" time="3.684" classname="lixiaoyue.Test_DiZhi"/>
  <testcase name="Change0" time="13.392" classname="lixiaoyue.Test_DiZhi"/>
  <testcase name="Change2" time="10.095" classname="lixiaoyue.Test_DiZhi"/>
  <testcase name="Change2" time="10.127" classname="lixiaoyue.Test_DiZhi"/>
  <testcase name="Change" time="16.697" classname="lixiaoyue.Test_DiZhi"/>
</testsuite> <!-- lixiaoyue.Test_DiZhi -->
