<?xml version="1.0" encoding="UTF-8"?>
<!-- Generated by org.testng.reporters.JUnitReportReporter -->
<testsuite hostname="LAPTOP-GAD15EJN" name="yjp.Evaluation" tests="2" failures="0" timestamp="9 Dec 2019 11:43:38 GMT" time="11.563" errors="0">
  <testcase name="seeEval" time="3.778" classname="yjp.Evaluation"/>
  <testcase name="eval" time="7.785" classname="yjp.Evaluation"/>
</testsuite> <!-- yjp.Evaluation -->
