<?xml version="1.0" encoding="UTF-8"?>
<!-- Generated by org.testng.reporters.JUnitReportReporter -->
<testsuite hostname="LAPTOP-GAD15EJN" name="wxp_ShoppingCart.TestToPayAddAddress" tests="15" failures="0" timestamp="18 Dec 2019 02:52:43 GMT" time="189.218" errors="0">
  <testcase name="test_fix_ReceiptPerson" time="13.249" classname="wxp_ShoppingCart.TestToPayAddAddress"/>
  <testcase name="test_ClickGoBackCart" time="4.359" classname="wxp_ShoppingCart.TestToPayAddAddress"/>
  <testcase name="test_fix_ReceiptCompany" time="10.116" classname="wxp_ShoppingCart.TestToPayAddAddress"/>
  <testcase name="test_fix_ReceiptPerson" time="13.306" classname="wxp_ShoppingCart.TestToPayAddAddress"/>
  <testcase name="test_AddAddressFail" time="11.201" classname="wxp_ShoppingCart.TestToPayAddAddress"/>
  <testcase name="testClickPaytotal" time="5.550" classname="wxp_ShoppingCart.TestToPayAddAddress"/>
  <testcase name="test_AddAddressFail" time="11.239" classname="wxp_ShoppingCart.TestToPayAddAddress"/>
  <testcase name="test_fix_ReceiptCompany2" time="16.440" classname="wxp_ShoppingCart.TestToPayAddAddress"/>
  <testcase name="test_AddAddressFail" time="10.972" classname="wxp_ShoppingCart.TestToPayAddAddress"/>
  <testcase name="test_AddAddressFail" time="11.053" classname="wxp_ShoppingCart.TestToPayAddAddress"/>
  <testcase name="testAddAddressPass" time="8.569" classname="wxp_ShoppingCart.TestToPayAddAddress"/>
  <testcase name="test_fix_ReceiptPerson" time="13.309" classname="wxp_ShoppingCart.TestToPayAddAddress"/>
  <testcase name="testLogin" time="18.328" classname="wxp_ShoppingCart.TestToPayAddAddress"/>
  <testcase name="testPaytotal" time="8.397" classname="wxp_ShoppingCart.TestToPayAddAddress"/>
  <testcase name="test_AddGood01" time="33.130" classname="wxp_ShoppingCart.TestToPayAddAddress"/>
</testsuite> <!-- wxp_ShoppingCart.TestToPayAddAddress -->
