<?xml version="1.0" encoding="UTF-8"?>
<!-- Generated by org.testng.reporters.JUnitReportReporter -->
<testsuite hostname="LAPTOP-GAD15EJN" name="shoppingCart.Login" tests="1" failures="0" timestamp="6 Dec 2019 04:28:35 GMT" time="58.819" errors="0">
  <testcase name="testLogin" time="58.819" classname="shoppingCart.Login"/>
</testsuite> <!-- shoppingCart.Login -->
