<?xml version="1.0" encoding="UTF-8"?>
<!-- Generated by org.testng.reporters.JUnitReportReporter -->
<testsuite hostname="LAPTOP-GAD15EJN" name="yjp.AddressMag" tests="3" failures="0" timestamp="9 Dec 2019 11:43:38 GMT" time="25.302" errors="0">
  <testcase name="setDefault" time="7.282" classname="yjp.AddressMag"/>
  <testcase name="del" time="7.119" classname="yjp.AddressMag"/>
  <testcase name="modify_Success1" time="10.901" classname="yjp.AddressMag"/>
</testsuite> <!-- yjp.AddressMag -->
