<?xml version="1.0" encoding="UTF-8"?>
<!-- Generated by org.testng.reporters.JUnitReportReporter -->
<testsuite hostname="LAPTOP-GAD15EJN" name="com.webtest.shouye.SyTestlogin" tests="4" failures="0" timestamp="8 Dec 2019 08:29:59 GMT" time="166.934" errors="0">
  <testcase name="SYtest2" time="49.048" classname="com.webtest.shouye.SyTestlogin"/>
  <testcase name="SYtest3" time="27.643" classname="com.webtest.shouye.SyTestlogin"/>
  <testcase name="SYtest1" time="61.942" classname="com.webtest.shouye.SyTestlogin"/>
  <testcase name="SYtest4" time="28.301" classname="com.webtest.shouye.SyTestlogin"/>
</testsuite> <!-- com.webtest.shouye.SyTestlogin -->
