<?xml version="1.0" encoding="UTF-8"?>
<!-- Generated by org.testng.reporters.JUnitReportReporter -->
<testsuite hostname="LAPTOP-GAD15EJN" name="shoppingCart.TestToPayAddAddress" tests="15" failures="0" timestamp="6 Dec 2019 07:19:21 GMT" time="196.609" errors="0">
  <testcase name="test_AddGood01" time="14.422" classname="shoppingCart.TestToPayAddAddress"/>
  <testcase name="test_fix_ReceiptPerson" time="13.393" classname="shoppingCart.TestToPayAddAddress"/>
  <testcase name="testLogin" time="37.347" classname="shoppingCart.TestToPayAddAddress"/>
  <testcase name="test_AddAddressFail" time="12.966" classname="shoppingCart.TestToPayAddAddress"/>
  <testcase name="test_AddAddressFail" time="13.086" classname="shoppingCart.TestToPayAddAddress"/>
  <testcase name="test_AddAddressFail" time="13.040" classname="shoppingCart.TestToPayAddAddress"/>
  <testcase name="test_fix_ReceiptCompany" time="10.077" classname="shoppingCart.TestToPayAddAddress"/>
  <testcase name="test_fix_ReceiptCompany2" time="16.537" classname="shoppingCart.TestToPayAddAddress"/>
  <testcase name="testClickPaytotal" time="3.763" classname="shoppingCart.TestToPayAddAddress"/>
  <testcase name="test_fix_ReceiptNoPerson" time="13.289" classname="shoppingCart.TestToPayAddAddress"/>
  <testcase name="testAddAddressPass" time="10.371" classname="shoppingCart.TestToPayAddAddress"/>
  <testcase name="test_ClickGoBackCart" time="4.130" classname="shoppingCart.TestToPayAddAddress"/>
  <testcase name="test_AddAddressFail" time="12.984" classname="shoppingCart.TestToPayAddAddress"/>
  <testcase name="test_fix_ReceiptPerson2" time="13.295" classname="shoppingCart.TestToPayAddAddress"/>
  <testcase name="testPaytotal" time="7.909" classname="shoppingCart.TestToPayAddAddress"/>
</testsuite> <!-- shoppingCart.TestToPayAddAddress -->
