<?xml version="1.0" encoding="UTF-8"?>
<!-- Generated by org.testng.reporters.JUnitReportReporter -->
<testsuite hostname="LAPTOP-GAD15EJN" name="yjp.AddressMag" tests="3" failures="0" timestamp="17 Dec 2019 00:18:15 GMT" time="25.822" errors="0">
  <testcase name="setDefault" time="7.714" classname="yjp.AddressMag"/>
  <testcase name="del" time="7.516" classname="yjp.AddressMag"/>
  <testcase name="modify_Success1" time="10.592" classname="yjp.AddressMag"/>
</testsuite> <!-- yjp.AddressMag -->
