<?xml version="1.0" encoding="UTF-8"?>
<!-- Generated by org.testng.reporters.JUnitReportReporter -->
<testsuite hostname="LAPTOP-GAD15EJN" name="wyh.tpShop" tests="48" failures="0" timestamp="6 Dec 2019 12:47:27 GMT" time="76.228" errors="0">
  <testcase name="wrongRegister7" time="2.345" classname="wyh.tpShop"/>
  <testcase name="possessionCenter2" time="0.015" classname="wyh.tpShop"/>
  <testcase name="wrongRegister1" time="2.154" classname="wyh.tpShop"/>
  <testcase name="login2" time="2.361" classname="wyh.tpShop"/>
  <testcase name="possessionCenter10" time="0.015" classname="wyh.tpShop"/>
  <testcase name="possessionCenter11" time="0.013" classname="wyh.tpShop"/>
  <testcase name="wrongRegister6" time="2.123" classname="wyh.tpShop"/>
  <testcase name="register2" time="2.157" classname="wyh.tpShop"/>
  <testcase name="wrongLogin3" time="2.377" classname="wyh.tpShop"/>
  <testcase name="possessionCenter9" time="0.013" classname="wyh.tpShop"/>
  <testcase name="wrongLogin1" time="2.240" classname="wyh.tpShop"/>
  <testcase name="wrongRegister5" time="2.370" classname="wyh.tpShop"/>
  <testcase name="wrongRegister3" time="2.397" classname="wyh.tpShop"/>
  <testcase name="possessionCenter6" time="0.013" classname="wyh.tpShop"/>
  <testcase name="wrongRegister10" time="2.381" classname="wyh.tpShop"/>
  <testcase name="register1" time="3.219" classname="wyh.tpShop"/>
  <testcase name="possessionCenter7" time="0.011" classname="wyh.tpShop"/>
  <testcase name="wrongLogin7" time="2.356" classname="wyh.tpShop"/>
  <testcase name="deliver" time="0.036" classname="wyh.tpShop"/>
  <testcase name="focusCenter3" time="0.015" classname="wyh.tpShop"/>
  <testcase name="wrongRegister9" time="2.370" classname="wyh.tpShop"/>
  <testcase name="register5" time="2.383" classname="wyh.tpShop"/>
  <testcase name="login1" time="2.126" classname="wyh.tpShop"/>
  <testcase name="possessionCenter8" time="0.027" classname="wyh.tpShop"/>
  <testcase name="wrongLogin8" time="2.130" classname="wyh.tpShop"/>
  <testcase name="wrongLogin10" time="2.349" classname="wyh.tpShop"/>
  <testcase name="possessionCenter1" time="0.026" classname="wyh.tpShop"/>
  <testcase name="register3" time="2.395" classname="wyh.tpShop"/>
  <testcase name="wrongLogin2" time="2.125" classname="wyh.tpShop"/>
  <testcase name="wrongRegister8" time="2.128" classname="wyh.tpShop"/>
  <testcase name="wrongLogin5" time="2.351" classname="wyh.tpShop"/>
  <testcase name="wrongRegister12" time="2.367" classname="wyh.tpShop"/>
  <testcase name="possessionCenter4" time="0.026" classname="wyh.tpShop"/>
  <testcase name="wrongLogin9" time="2.345" classname="wyh.tpShop"/>
  <testcase name="register4" time="2.747" classname="wyh.tpShop"/>
  <testcase name="focusCenter2" time="0.011" classname="wyh.tpShop"/>
  <testcase name="focusCenter1" time="0.017" classname="wyh.tpShop"/>
  <testcase name="possessionCenter5" time="0.012" classname="wyh.tpShop"/>
  <testcase name="wrongRegister14" time="2.387" classname="wyh.tpShop"/>
  <testcase name="wrongRegister15" time="2.129" classname="wyh.tpShop"/>
  <testcase name="wrongLogin4" time="2.107" classname="wyh.tpShop"/>
  <testcase name="wrongLogin6" time="2.114" classname="wyh.tpShop"/>
  <testcase name="possessionCenter3" time="0.049" classname="wyh.tpShop"/>
  <testcase name="wrongRegister4" time="2.125" classname="wyh.tpShop"/>
  <testcase name="wrongRegister11" time="2.117" classname="wyh.tpShop"/>
  <testcase name="wrongRegister17" time="2.380" classname="wyh.tpShop"/>
  <testcase name="wrongRegister2" time="2.146" classname="wyh.tpShop"/>
  <testcase name="wrongRegister13" time="2.128" classname="wyh.tpShop"/>
</testsuite> <!-- wyh.tpShop -->
