<?xml version="1.0" encoding="UTF-8"?>
<!-- Generated by org.testng.reporters.JUnitReportReporter -->
<testsuite hostname="LAPTOP-GAD15EJN" name="wxp_ShoppingCart.TestCartWithoutLogin" tests="5" failures="0" timestamp="8 Dec 2019 02:06:24 GMT" time="176.825" errors="0">
  <testcase name="test_01_viewCart" time="52.766" classname="wxp_ShoppingCart.TestCartWithoutLogin"/>
  <testcase name="test_01_ViewCart" time="5.919" classname="wxp_ShoppingCart.TestCartWithoutLogin"/>
  <testcase name="test_02_AddCart" time="36.688" classname="wxp_ShoppingCart.TestCartWithoutLogin"/>
  <testcase name="testOpen" time="45.282" classname="wxp_ShoppingCart.TestCartWithoutLogin"/>
  <testcase name="testLogin" time="36.170" classname="wxp_ShoppingCart.TestCartWithoutLogin"/>
</testsuite> <!-- wxp_ShoppingCart.TestCartWithoutLogin -->
