<?xml version="1.0" encoding="UTF-8"?>
<!-- Generated by org.testng.reporters.JUnitReportReporter -->
<testsuite hostname="LAPTOP-GAD15EJN" name="shoppingCart.TestCartWithoutLogin" tests="5" failures="0" timestamp="6 Dec 2019 07:19:21 GMT" time="176.075" errors="0">
  <testcase name="test_01_viewCart" time="27.461" classname="shoppingCart.TestCartWithoutLogin"/>
  <testcase name="testOpen" time="66.874" classname="shoppingCart.TestCartWithoutLogin"/>
  <testcase name="test_01_ViewCart" time="6.005" classname="shoppingCart.TestCartWithoutLogin"/>
  <testcase name="testLogin" time="37.411" classname="shoppingCart.TestCartWithoutLogin"/>
  <testcase name="test_02_AddCart" time="38.324" classname="shoppingCart.TestCartWithoutLogin"/>
</testsuite> <!-- shoppingCart.TestCartWithoutLogin -->
