<?xml version="1.0" encoding="UTF-8"?>
<!-- Generated by org.testng.reporters.JUnitReportReporter -->
<testsuite hostname="LAPTOP-GAD15EJN" name="lixiaoyue.Test_DiZhi" tests="11" failures="0" timestamp="17 Dec 2019 00:43:19 GMT" time="160.487" errors="0">
  <testcase name="Change1" time="14.091" classname="lixiaoyue.Test_DiZhi"/>
  <testcase name="Change" time="17.352" classname="lixiaoyue.Test_DiZhi"/>
  <testcase name="Entry" time="22.452" classname="lixiaoyue.Test_DiZhi"/>
  <testcase name="Change" time="17.505" classname="lixiaoyue.Test_DiZhi"/>
  <testcase name="Change0" time="13.948" classname="lixiaoyue.Test_DiZhi"/>
  <testcase name="Change2" time="10.721" classname="lixiaoyue.Test_DiZhi"/>
  <testcase name="Change" time="17.194" classname="lixiaoyue.Test_DiZhi"/>
  <testcase name="Change2" time="10.491" classname="lixiaoyue.Test_DiZhi"/>
  <testcase name="DiZhi" time="5.121" classname="lixiaoyue.Test_DiZhi"/>
  <testcase name="test_AddGood01" time="20.548" classname="lixiaoyue.Test_DiZhi"/>
  <testcase name="Change2" time="11.064" classname="lixiaoyue.Test_DiZhi"/>
</testsuite> <!-- lixiaoyue.Test_DiZhi -->
