<?xml version="1.0" encoding="UTF-8"?>
<!-- Generated by org.testng.reporters.JUnitReportReporter -->
<testsuite hostname="DESKTOP-JQNKNO0" name="QingGuo.addressList" tests="2" failures="0" timestamp="12 Dec 2019 02:10:55 GMT" time="1.409" errors="0">
  <testcase name="wrongAddressList" time="0.014" classname="QingGuo.addressList"/>
  <testcase name="addressList" time="1.395" classname="QingGuo.addressList"/>
</testsuite> <!-- QingGuo.addressList -->
