<?xml version="1.0" encoding="UTF-8"?>
<!-- Generated by org.testng.reporters.JUnitReportReporter -->
<testsuite hostname="LAPTOP-KG4V20B1" name="com.jinmingming.business.yingxiao.youhiujuan.youhiujuan1" tests="1" failures="0" timestamp="27 Nov 2019 08:45:58 GMT" time="27.937" errors="0">
  <testcase name="youhiujuan" time="27.937" classname="com.jinmingming.business.yingxiao.youhiujuan.youhiujuan1"/>
</testsuite> <!-- com.jinmingming.business.yingxiao.youhiujuan.youhiujuan1 -->
