<?xml version="1.0" encoding="UTF-8"?>
<!-- Generated by org.testng.reporters.JUnitReportReporter -->
<testsuite hostname="LAPTOP-KG4V20B1" name="com.jinmingming.bussines.fenxiao.fenxiaoguanli.fenxiaoguanli2" tests="1" failures="0" timestamp="26 Nov 2019 01:35:10 GMT" time="21.312" errors="0">
  <testcase name="fenxiaoshnagliebiao" time="21.312" classname="com.jinmingming.bussines.fenxiao.fenxiaoguanli.fenxiaoguanli2"/>
</testsuite> <!-- com.jinmingming.bussines.fenxiao.fenxiaoguanli.fenxiaoguanli2 -->
