<?xml version="1.0" encoding="UTF-8"?>
<!-- Generated by org.testng.reporters.JUnitReportReporter -->
<testsuite hostname="LAPTOP-KG4V20B1" name="com.jinmingming.bussines.fenxiao.fenxiaoguanli.fenxiaoguanli3" tests="1" failures="0" timestamp="26 Nov 2019 01:41:32 GMT" time="0.040" errors="0">
  <testcase name="fenxiaoguanxi" time="0.040" classname="com.jinmingming.bussines.fenxiao.fenxiaoguanli.fenxiaoguanli3"/>
</testsuite> <!-- com.jinmingming.bussines.fenxiao.fenxiaoguanli.fenxiaoguanli3 -->
