<?xml version="1.0" encoding="UTF-8"?>
<!-- Generated by org.testng.reporters.JUnitReportReporter -->
<testsuite hostname="LAPTOP-KG4V20B1" name="com.jinmingming.bussines.fenxiao.fenxiaoguanli.fenxiaoguanli1" tests="1" failures="0" timestamp="27 Nov 2019 07:46:17 GMT" time="21.238" errors="0">
  <testcase name="fenxiaoshangpin" time="21.238" classname="com.jinmingming.bussines.fenxiao.fenxiaoguanli.fenxiaoguanli1"/>
</testsuite> <!-- com.jinmingming.bussines.fenxiao.fenxiaoguanli.fenxiaoguanli1 -->
