<?xml version="1.0" encoding="UTF-8"?>
<!-- Generated by org.testng.reporters.JUnitReportReporter -->
<testsuite hostname="LAPTOP-KG4V20B1" name="com.jinmingming.business.shuju" tests="2" failures="0" timestamp="14 Nov 2019 01:18:24 GMT" time="0.010" errors="0">
  <testcase name="yingxiao" time="0.007" classname="com.jinmingming.business.shuju"/>
  <testcase name="yingxiao" time="0.003" classname="com.jinmingming.business.shuju"/>
</testsuite> <!-- com.jinmingming.business.shuju -->
