<?xml version="1.0" encoding="UTF-8"?>
<!-- Generated by org.testng.reporters.JUnitReportReporter -->
<testsuite hostname="LAPTOP-KG4V20B1" name="com.jinmingming.business.Login" tests="1" failures="0" timestamp="12 Nov 2019 07:01:18 GMT" time="8.468" errors="0">
  <testcase name="login" time="8.468" classname="com.jinmingming.business.Login"/>
</testsuite> <!-- com.jinmingming.business.Login -->
