<?xml version="1.0" encoding="UTF-8"?>
<!-- Generated by org.testng.reporters.JUnitReportReporter -->
<testsuite hostname="LAPTOP-KG4V20B1" name="com.jinmingming.bussines.fenxiao.fenxiaoguanli.fenxiaoguanli4" tests="1" failures="0" timestamp="26 Nov 2019 01:38:32 GMT" time="17.752" errors="0">
  <testcase name="fenxiaoshangdengji" time="17.752" classname="com.jinmingming.bussines.fenxiao.fenxiaoguanli.fenxiaoguanli4"/>
</testsuite> <!-- com.jinmingming.bussines.fenxiao.fenxiaoguanli.fenxiaoguanli4 -->
