<?xml version="1.0" encoding="UTF-8"?>
<!-- Generated by org.testng.reporters.JUnitReportReporter -->
<testsuite hostname="LAPTOP-KG4V20B1" name="com.jinmingming.business.yingxiao.changyongcuxiao.qianggou.qianggounum" tests="4" failures="0" timestamp="27 Nov 2019 06:53:58 GMT" time="145.009" errors="0">
  <testcase name="yingxiao1" time="36.032" classname="com.jinmingming.business.yingxiao.changyongcuxiao.qianggou.qianggounum"/>
  <testcase name="yingxiao1" time="36.167" classname="com.jinmingming.business.yingxiao.changyongcuxiao.qianggou.qianggounum"/>
  <testcase name="yingxiao1" time="36.776" classname="com.jinmingming.business.yingxiao.changyongcuxiao.qianggou.qianggounum"/>
  <testcase name="yingxiao1" time="36.034" classname="com.jinmingming.business.yingxiao.changyongcuxiao.qianggou.qianggounum"/>
</testsuite> <!-- com.jinmingming.business.yingxiao.changyongcuxiao.qianggou.qianggounum -->
