<?xml version="1.0" encoding="UTF-8"?>
<!-- Generated by org.testng.reporters.JUnitReportReporter -->
<testsuite hostname="LAPTOP-KG4V20B1" name="com.jinmingming.business.yingxiao4" tests="1" failures="0" timestamp="25 Nov 2019 07:05:57 GMT" time="39.786" errors="0">
  <testcase name="dingdancuxiao" time="39.786" classname="com.jinmingming.business.yingxiao4"/>
</testsuite> <!-- com.jinmingming.business.yingxiao4 -->
