<?xml version="1.0" encoding="UTF-8"?>
<!-- Generated by org.testng.reporters.JUnitReportReporter -->
<testsuite hostname="LAPTOP-KG4V20B1" name="com.jinmingming.business.tuangouguanli" tests="1" failures="0" timestamp="14 Nov 2019 02:43:20 GMT" time="38.539" errors="0">
  <testcase name="yingxiao" time="38.539" classname="com.jinmingming.business.tuangouguanli"/>
</testsuite> <!-- com.jinmingming.business.tuangouguanli -->
