<?xml version="1.0" encoding="UTF-8"?>
<!-- Generated by org.testng.reporters.JUnitReportReporter -->
<testsuite hostname="LAPTOP-KG4V20B1" name="com.jinmingming.lianxi" tests="1" failures="0" timestamp="3 Dec 2019 00:18:27 GMT" time="0.010" errors="0">
  <testcase name="aaa" time="0.010" classname="com.jinmingming.lianxi"/>
</testsuite> <!-- com.jinmingming.lianxi -->
