<?xml version="1.0" encoding="UTF-8"?>
<!-- Generated by org.testng.reporters.JUnitReportReporter -->
<testsuite hostname="LAPTOP-KG4V20B1" name="com.jinmingming.Login" tests="1" failures="0" timestamp="25 Nov 2019 07:57:03 GMT" time="8.293" errors="0">
  <testcase name="login" time="8.293" classname="com.jinmingming.Login"/>
</testsuite> <!-- com.jinmingming.Login -->
