<?xml version="1.0" encoding="UTF-8"?>
<!-- Generated by org.testng.reporters.JUnitReportReporter -->
<testsuite hostname="LAPTOP-KG4V20B1" name="jinmingming.youhiujuan1" tests="1" failures="0" timestamp="10 Dec 2019 09:43:55 GMT" time="43.928" errors="0">
  <testcase name="youhiujuan" time="43.928" classname="jinmingming.youhiujuan1"/>
</testsuite> <!-- jinmingming.youhiujuan1 -->
