<?xml version="1.0" encoding="UTF-8"?>
<!-- Generated by org.testng.reporters.JUnitReportReporter -->
<testsuite hostname="LAPTOP-KG4V20B1" name="jinmingming.fenxiaoguanli1" tests="6" failures="0" timestamp="10 Dec 2019 09:43:54 GMT" time="3.779" errors="0">
  <testcase name="fenxiaoshangpin" time="0.027" classname="jinmingming.fenxiaoguanli1"/>
  <testcase name="fenxiaoshangpin" time="0.030" classname="jinmingming.fenxiaoguanli1"/>
  <testcase name="fenxiaoshangpin" time="0.028" classname="jinmingming.fenxiaoguanli1"/>
  <testcase name="fenxiaoshangpin" time="0.152" classname="jinmingming.fenxiaoguanli1"/>
  <testcase name="fenxiaoshangpin" time="0.033" classname="jinmingming.fenxiaoguanli1"/>
  <testcase name="fenxiaoshezhi" time="3.509" classname="jinmingming.fenxiaoguanli1"/>
</testsuite> <!-- jinmingming.fenxiaoguanli1 -->
