<?xml version="1.0" encoding="UTF-8"?>
<!-- Generated by org.testng.reporters.JUnitReportReporter -->
<testsuite hostname="LAPTOP-KG4V20B1" name="wxpBackgroundPage.PageManage" tests="25" failures="0" timestamp="18 Dec 2019 06:17:13 GMT" time="151.104" errors="0">
  <testcase name="test_AddLinkBottom" time="7.147" classname="wxpBackgroundPage.PageManage"/>
  <testcase name="test_AddLinkTop" time="6.976" classname="wxpBackgroundPage.PageManage"/>
  <testcase name="test_AddIndustry" time="3.953" classname="wxpBackgroundPage.PageManage"/>
  <testcase name="test_Click01" time="6.561" classname="wxpBackgroundPage.PageManage"/>
  <testcase name="test_Click02" time="6.682" classname="wxpBackgroundPage.PageManage"/>
  <testcase name="test_Click01" time="6.606" classname="wxpBackgroundPage.PageManage"/>
  <testcase name="test_AddIndustry" time="3.963" classname="wxpBackgroundPage.PageManage"/>
  <testcase name="test_AddIndustry" time="3.901" classname="wxpBackgroundPage.PageManage"/>
  <testcase name="test_Click01" time="6.696" classname="wxpBackgroundPage.PageManage"/>
  <testcase name="test_Click01" time="6.678" classname="wxpBackgroundPage.PageManage"/>
  <testcase name="test_AddIndustry" time="3.837" classname="wxpBackgroundPage.PageManage"/>
  <testcase name="test_Click01" time="6.612" classname="wxpBackgroundPage.PageManage"/>
  <testcase name="test_Click01" time="6.592" classname="wxpBackgroundPage.PageManage"/>
  <testcase name="test_AddIndustry" time="4.018" classname="wxpBackgroundPage.PageManage"/>
  <testcase name="test_Click01" time="6.582" classname="wxpBackgroundPage.PageManage"/>
  <testcase name="test_AddLinkTop" time="6.945" classname="wxpBackgroundPage.PageManage"/>
  <testcase name="test_AddLinkTop" time="6.882" classname="wxpBackgroundPage.PageManage"/>
  <testcase name="test_AddLinkBottom" time="7.168" classname="wxpBackgroundPage.PageManage"/>
  <testcase name="test_AddIndustry" time="3.953" classname="wxpBackgroundPage.PageManage"/>
  <testcase name="test_AddIndustry" time="3.934" classname="wxpBackgroundPage.PageManage"/>
  <testcase name="test_Click01" time="6.655" classname="wxpBackgroundPage.PageManage"/>
  <testcase name="test_AddIndustry" time="3.918" classname="wxpBackgroundPage.PageManage"/>
  <testcase name="test_Page" time="7.714" classname="wxpBackgroundPage.PageManage"/>
  <testcase name="test_Click01" time="9.990" classname="wxpBackgroundPage.PageManage"/>
  <testcase name="test_AddLinkBottom" time="7.141" classname="wxpBackgroundPage.PageManage"/>
</testsuite> <!-- wxpBackgroundPage.PageManage -->
