<?xml version="1.0" encoding="UTF-8"?>
<!-- Generated by org.testng.reporters.JUnitReportReporter -->
<testsuite hostname="LAPTOP-KG4V20B1" name="com.jinmingming.business.yingxiao.pintuangou.pintuangou2" tests="1" failures="0" timestamp="25 Nov 2019 08:39:46 GMT" time="17.844" errors="0">
  <testcase name="fenxiangtuan" time="17.844" classname="com.jinmingming.business.yingxiao.pintuangou.pintuangou2"/>
</testsuite> <!-- com.jinmingming.business.yingxiao.pintuangou.pintuangou2 -->
