<?xml version="1.0" encoding="UTF-8"?>
<!-- Generated by org.testng.reporters.JUnitReportReporter -->
<testsuite hostname="LAPTOP-KG4V20B1" name="com.jinmingming.business.yingxiao.changyongcuxiao.changyongcuxiao7" tests="1" failures="0" timestamp="25 Nov 2019 08:30:09 GMT" time="18.243" errors="0">
  <testcase name="kanjiaguanli" time="18.243" classname="com.jinmingming.business.yingxiao.changyongcuxiao.changyongcuxiao7"/>
</testsuite> <!-- com.jinmingming.business.yingxiao.changyongcuxiao.changyongcuxiao7 -->
