<?xml version="1.0" encoding="UTF-8"?>
<!-- Generated by org.testng.reporters.JUnitReportReporter -->
<testsuite hostname="LAPTOP-KG4V20B1" name="com.jinmingming.business.yingxiao2" tests="1" failures="0" timestamp="25 Nov 2019 06:43:20 GMT" time="37.869" errors="0">
  <testcase name="yingxiao" time="37.869" classname="com.jinmingming.business.yingxiao2"/>
</testsuite> <!-- com.jinmingming.business.yingxiao2 -->
