<?xml version="1.0" encoding="UTF-8"?>
<!-- Generated by org.testng.reporters.JUnitReportReporter -->
<testsuite hostname="LAPTOP-KG4V20B1" name="com.jinmingming.bussines.fenxiao.fenxiaoguanli.fenxiaoguanli5" tests="1" failures="0" timestamp="27 Nov 2019 07:50:26 GMT" time="21.157" errors="0">
  <testcase name="fenxiao" time="21.157" classname="com.jinmingming.bussines.fenxiao.fenxiaoguanli.fenxiaoguanli5"/>
</testsuite> <!-- com.jinmingming.bussines.fenxiao.fenxiaoguanli.fenxiaoguanli5 -->
