<?xml version="1.0" encoding="UTF-8"?>
<!-- Generated by org.testng.reporters.JUnitReportReporter -->
<testsuite hostname="LAPTOP-KG4V20B1" name="wxpBackgroundPage.PageManage" tests="25" failures="0" timestamp="10 Dec 2019 09:43:55 GMT" time="151.313" errors="0">
  <testcase name="test_AddIndustry" time="3.951" classname="wxpBackgroundPage.PageManage"/>
  <testcase name="test_AddIndustry" time="3.931" classname="wxpBackgroundPage.PageManage"/>
  <testcase name="test_Click01" time="6.644" classname="wxpBackgroundPage.PageManage"/>
  <testcase name="test_AddIndustry" time="3.884" classname="wxpBackgroundPage.PageManage"/>
  <testcase name="test_Click01" time="6.620" classname="wxpBackgroundPage.PageManage"/>
  <testcase name="test_AddLinkTop" time="6.933" classname="wxpBackgroundPage.PageManage"/>
  <testcase name="test_Page" time="7.767" classname="wxpBackgroundPage.PageManage"/>
  <testcase name="test_AddIndustry" time="3.933" classname="wxpBackgroundPage.PageManage"/>
  <testcase name="test_AddLinkBottom" time="7.199" classname="wxpBackgroundPage.PageManage"/>
  <testcase name="test_Click01" time="6.577" classname="wxpBackgroundPage.PageManage"/>
  <testcase name="test_AddLinkTop" time="6.956" classname="wxpBackgroundPage.PageManage"/>
  <testcase name="test_AddIndustry" time="3.885" classname="wxpBackgroundPage.PageManage"/>
  <testcase name="test_AddLinkTop" time="6.901" classname="wxpBackgroundPage.PageManage"/>
  <testcase name="test_AddLinkBottom" time="7.203" classname="wxpBackgroundPage.PageManage"/>
  <testcase name="test_AddIndustry" time="3.943" classname="wxpBackgroundPage.PageManage"/>
  <testcase name="test_Click01" time="6.583" classname="wxpBackgroundPage.PageManage"/>
  <testcase name="test_AddIndustry" time="3.952" classname="wxpBackgroundPage.PageManage"/>
  <testcase name="test_Click01" time="6.616" classname="wxpBackgroundPage.PageManage"/>
  <testcase name="test_Click01" time="6.664" classname="wxpBackgroundPage.PageManage"/>
  <testcase name="test_Click01" time="6.582" classname="wxpBackgroundPage.PageManage"/>
  <testcase name="test_AddIndustry" time="3.979" classname="wxpBackgroundPage.PageManage"/>
  <testcase name="test_Click01" time="6.642" classname="wxpBackgroundPage.PageManage"/>
  <testcase name="test_Click02" time="6.720" classname="wxpBackgroundPage.PageManage"/>
  <testcase name="test_AddLinkBottom" time="7.223" classname="wxpBackgroundPage.PageManage"/>
  <testcase name="test_Click01" time="10.025" classname="wxpBackgroundPage.PageManage"/>
</testsuite> <!-- wxpBackgroundPage.PageManage -->
