<?xml version="1.0" encoding="UTF-8"?>
<!-- Generated by org.testng.reporters.JUnitReportReporter -->
<testsuite hostname="LAPTOP-KG4V20B1" name="com.jinmingming.business.yingxiao.changyongcuxiao.lianxi" tests="2" failures="0" timestamp="27 Nov 2019 00:24:45 GMT" time="0.010" errors="0">
  <testcase name="aaa" time="0.009" classname="com.jinmingming.business.yingxiao.changyongcuxiao.lianxi"/>
  <testcase name="aaa" time="0.001" classname="com.jinmingming.business.yingxiao.changyongcuxiao.lianxi"/>
</testsuite> <!-- com.jinmingming.business.yingxiao.changyongcuxiao.lianxi -->
