<?xml version="1.0" encoding="UTF-8"?>
<!-- Generated by org.testng.reporters.JUnitReportReporter -->
<testsuite hostname="LAPTOP-KG4V20B1" name="com.jinmingming.business.qianggouguanli" tests="1" failures="0" timestamp="25 Nov 2019 06:40:18 GMT" time="39.100" errors="0">
  <testcase name="yingxiao" time="39.100" classname="com.jinmingming.business.qianggouguanli"/>
</testsuite> <!-- com.jinmingming.business.qianggouguanli -->
