<?xml version="1.0" encoding="UTF-8"?>
<!-- Generated by org.testng.reporters.JUnitReportReporter -->
<testsuite hostname="LAPTOP-KG4V20B1" name="com.jinmingming.business.yingxiao.changyongcuxiao.changyongcuxiao5" tests="1" failures="0" timestamp="25 Nov 2019 08:27:06 GMT" time="17.982" errors="0">
  <testcase name="yushouguanli" time="17.982" classname="com.jinmingming.business.yingxiao.changyongcuxiao.changyongcuxiao5"/>
</testsuite> <!-- com.jinmingming.business.yingxiao.changyongcuxiao.changyongcuxiao5 -->
