<?xml version="1.0" encoding="UTF-8"?>
<!-- Generated by org.testng.reporters.JUnitReportReporter -->
<testsuite hostname="LAPTOP-KG4V20B1" name="com.jinmingming.business.yingxiao.changyongcuxiao.qianggou.starttime" tests="1" failures="0" timestamp="27 Nov 2019 07:00:32 GMT" time="36.506" errors="0">
  <testcase name="yingxiao1" time="36.506" classname="com.jinmingming.business.yingxiao.changyongcuxiao.qianggou.starttime"/>
</testsuite> <!-- com.jinmingming.business.yingxiao.changyongcuxiao.qianggou.starttime -->
