<?xml version="1.0" encoding="UTF-8"?>
<!-- Generated by org.testng.reporters.JUnitReportReporter -->
<testsuite hostname="LAPTOP-KG4V20B1" name="com.jinmingming.business.yingxiao.changyongcuxiao.qianggou.jiage" tests="4" failures="0" timestamp="27 Nov 2019 06:49:40 GMT" time="144.690" errors="0">
  <testcase name="yingxiao1" time="36.057" classname="com.jinmingming.business.yingxiao.changyongcuxiao.qianggou.jiage"/>
  <testcase name="yingxiao1" time="36.090" classname="com.jinmingming.business.yingxiao.changyongcuxiao.qianggou.jiage"/>
  <testcase name="yingxiao1" time="36.262" classname="com.jinmingming.business.yingxiao.changyongcuxiao.qianggou.jiage"/>
  <testcase name="yingxiao1" time="36.281" classname="com.jinmingming.business.yingxiao.changyongcuxiao.qianggou.jiage"/>
</testsuite> <!-- com.jinmingming.business.yingxiao.changyongcuxiao.qianggou.jiage -->
