<?xml version="1.0" encoding="UTF-8"?>
<!-- Generated by org.testng.reporters.JUnitReportReporter -->
<testsuite hostname="LAPTOP-KG4V20B1" name="jinmingming.Click" tests="7" failures="0" timestamp="10 Dec 2019 09:43:55 GMT" time="36.581" errors="0">
  <testcase name="jilu" time="3.649" classname="jinmingming.Click"/>
  <testcase name="kanjiaguanli" time="3.555" classname="jinmingming.Click"/>
  <testcase name="fenxiangtuan2" time="3.594" classname="jinmingming.Click"/>
  <testcase name="fenxiangtuan" time="3.577" classname="jinmingming.Click"/>
  <testcase name="dapeigouguanli" time="3.554" classname="jinmingming.Click"/>
  <testcase name="yushouguanli" time="14.949" classname="jinmingming.Click"/>
  <testcase name="fenxiangtuan3" time="3.703" classname="jinmingming.Click"/>
</testsuite> <!-- jinmingming.Click -->
