<?xml version="1.0" encoding="UTF-8"?>
<!-- Generated by org.testng.reporters.JUnitReportReporter -->
<testsuite hostname="LAPTOP-KG4V20B1" name="com.jinmingming.bussines.fenxiao.yongjinguanli.yongjinguanli1" tests="1" failures="0" timestamp="27 Nov 2019 07:59:00 GMT" time="21.124" errors="0">
  <testcase name="fenchengrizhi" time="21.124" classname="com.jinmingming.bussines.fenxiao.yongjinguanli.yongjinguanli1"/>
</testsuite> <!-- com.jinmingming.bussines.fenxiao.yongjinguanli.yongjinguanli1 -->
