<?xml version="1.0" encoding="UTF-8"?>
<!-- Generated by org.testng.reporters.JUnitReportReporter -->
<testsuite hostname="LAPTOP-KG4V20B1" name="com.jinmingming.business.yingxiao.changyongcuxiao.changyongcuxiao4" tests="1" failures="0" timestamp="27 Nov 2019 07:30:09 GMT" time="39.896" errors="0">
  <testcase name="dingdancuxiao" time="39.896" classname="com.jinmingming.business.yingxiao.changyongcuxiao.changyongcuxiao4"/>
</testsuite> <!-- com.jinmingming.business.yingxiao.changyongcuxiao.changyongcuxiao4 -->
