<?xml version="1.0" encoding="UTF-8"?>
<!-- Generated by org.testng.reporters.JUnitReportReporter -->
<testsuite hostname="LAPTOP-KG4V20B1" name="com.jinmingming.business.yingxiao.changyongcuxiao.changyongcuxiao2" tests="1" failures="0" timestamp="27 Nov 2019 07:10:56 GMT" time="40.775" errors="0">
  <testcase name="yingxiao" time="40.775" classname="com.jinmingming.business.yingxiao.changyongcuxiao.changyongcuxiao2"/>
</testsuite> <!-- com.jinmingming.business.yingxiao.changyongcuxiao.changyongcuxiao2 -->
