<?xml version="1.0" encoding="UTF-8"?>
<!-- Generated by org.testng.reporters.JUnitReportReporter -->
<testsuite hostname="LAPTOP-KG4V20B1" name="com.jinmingming.business.yingxiao1" tests="1" failures="0" timestamp="25 Nov 2019 06:41:57 GMT" time="36.516" errors="0">
  <testcase name="yingxiao" time="36.516" classname="com.jinmingming.business.yingxiao1"/>
</testsuite> <!-- com.jinmingming.business.yingxiao1 -->
