<?xml version="1.0" encoding="UTF-8"?>
<!-- Generated by org.testng.reporters.JUnitReportReporter -->
<testsuite hostname="LAPTOP-KG4V20B1" name="com.jinmingming.business.yingxiao.youhiujuan.youhiujuan" tests="1" failures="0" timestamp="26 Nov 2019 00:21:09 GMT" time="16.610" errors="0">
  <testcase name="youhiujuan" time="16.610" classname="com.jinmingming.business.yingxiao.youhiujuan.youhiujuan"/>
</testsuite> <!-- com.jinmingming.business.yingxiao.youhiujuan.youhiujuan -->
