<?xml version="1.0" encoding="UTF-8"?>
<!-- Generated by org.testng.reporters.JUnitReportReporter -->
<testsuite hostname="LAPTOP-KG4V20B1" name="com.jinmingming.business.yingxiao.changyongcuxiao.qianggou.xiangounum" tests="4" failures="0" timestamp="27 Nov 2019 06:58:10 GMT" time="155.761" errors="0">
  <testcase name="yingxiao1" time="38.898" classname="com.jinmingming.business.yingxiao.changyongcuxiao.qianggou.xiangounum"/>
  <testcase name="yingxiao1" time="39.393" classname="com.jinmingming.business.yingxiao.changyongcuxiao.qianggou.xiangounum"/>
  <testcase name="yingxiao1" time="38.641" classname="com.jinmingming.business.yingxiao.changyongcuxiao.qianggou.xiangounum"/>
  <testcase name="yingxiao1" time="38.829" classname="com.jinmingming.business.yingxiao.changyongcuxiao.qianggou.xiangounum"/>
</testsuite> <!-- com.jinmingming.business.yingxiao.changyongcuxiao.qianggou.xiangounum -->
