<?xml version="1.0" encoding="UTF-8"?>
<!-- Generated by org.testng.reporters.JUnitReportReporter -->
<testsuite hostname="LAPTOP-GAD15EJN" name="shoppingCart.TestCartWithoutLogin" tests="3" failures="0" timestamp="26 Nov 2019 01:25:38 GMT" time="38.793" errors="0">
  <testcase name="test_01_ViewCart" time="5.474" classname="shoppingCart.TestCartWithoutLogin"/>
  <testcase name="testOpen" time="9.272" classname="shoppingCart.TestCartWithoutLogin"/>
  <testcase name="test_02_AddCart" time="24.047" classname="shoppingCart.TestCartWithoutLogin"/>
</testsuite> <!-- shoppingCart.TestCartWithoutLogin -->
