<?xml version="1.0" encoding="UTF-8"?>
<!-- Generated by org.testng.reporters.JUnitReportReporter -->
<testsuite hostname="LAPTOP-GAD15EJN" name="interfacetest.SkuListInterfaceTest" tests="5" failures="0" timestamp="18 Dec 2019 06:20:06 GMT" time="0.045" errors="0">
  <testcase name="getFail3" time="0.006" classname="interfacetest.SkuListInterfaceTest"/>
  <testcase name="getFail1" time="0.007" classname="interfacetest.SkuListInterfaceTest"/>
  <testcase name="getAll" time="0.018" classname="interfacetest.SkuListInterfaceTest"/>
  <testcase name="getGoodId" time="0.006" classname="interfacetest.SkuListInterfaceTest"/>
  <testcase name="getFail2" time="0.008" classname="interfacetest.SkuListInterfaceTest"/>
</testsuite> <!-- interfacetest.SkuListInterfaceTest -->
