<?xml version="1.0" encoding="UTF-8"?>
<!-- Generated by org.testng.reporters.JUnitReportReporter -->
<testsuite hostname="LAPTOP-GAD15EJN" name="interfacetest.Demo1" tests="3" failures="0" timestamp="12 Dec 2019 01:21:08 GMT" time="0.523" errors="0">
  <testcase name="test1" time="0.488" classname="interfacetest.Demo1"/>
  <testcase name="test3" time="0.018" classname="interfacetest.Demo1"/>
  <testcase name="test2" time="0.017" classname="interfacetest.Demo1"/>
</testsuite> <!-- interfacetest.Demo1 -->
