<?xml version="1.0" encoding="UTF-8"?>
<!-- Generated by org.testng.reporters.JUnitReportReporter -->
<testsuite hostname="LAPTOP-GAD15EJN" name="interfacetest.Login" tests="5" failures="0" timestamp="18 Dec 2019 06:20:06 GMT" time="0.915" errors="0">
  <testcase name="testLoginWrongPhone" time="0.011" classname="interfacetest.Login"/>
  <testcase name="testLoginForWrongArea" time="0.009" classname="interfacetest.Login"/>
  <testcase name="testLoginForNullNumber" time="0.022" classname="interfacetest.Login"/>
  <testcase name="testLoginWrongPwd" time="0.011" classname="interfacetest.Login"/>
  <testcase name="testLoginSuccess" time="0.862" classname="interfacetest.Login"/>
</testsuite> <!-- interfacetest.Login -->
