<?xml version="1.0" encoding="UTF-8"?>
<!-- Generated by org.testng.reporters.JUnitReportReporter -->
<testsuite hostname="LAPTOP-GAD15EJN" name="yk.Demo1" tests="1" failures="0" timestamp="11 Dec 2019 08:40:21 GMT" time="0.215" errors="0">
  <testcase name="test" time="0.215" classname="yk.Demo1"/>
</testsuite> <!-- yk.Demo1 -->
