<?xml version="1.0" encoding="UTF-8"?>
<!-- Generated by org.testng.reporters.JUnitReportReporter -->
<testsuite hostname="LAPTOP-GAD15EJN" name="interfacetest.Login" tests="5" failures="0" timestamp="17 Dec 2019 06:03:06 GMT" time="2.792" errors="0">
  <testcase name="testLoginWrongPwd" time="0.013" classname="interfacetest.Login"/>
  <testcase name="testLoginWrongPhone" time="0.009" classname="interfacetest.Login"/>
  <testcase name="testLoginSuccess" time="2.731" classname="interfacetest.Login"/>
  <testcase name="testLoginForWrongArea" time="0.012" classname="interfacetest.Login"/>
  <testcase name="testLoginForNullNumber" time="0.027" classname="interfacetest.Login"/>
</testsuite> <!-- interfacetest.Login -->
