<?xml version="1.0" encoding="UTF-8"?>
<!-- Generated by org.testng.reporters.JUnitReportReporter -->
<testsuite hostname="LAPTOP-GAD15EJN" name="yjp.SkuListInterfaceTest" tests="5" failures="0" timestamp="11 Dec 2019 08:40:21 GMT" time="0.114" errors="0">
  <testcase name="getGoodId" time="0.014" classname="yjp.SkuListInterfaceTest"/>
  <testcase name="getAll" time="0.069" classname="yjp.SkuListInterfaceTest"/>
  <testcase name="getFail1" time="0.012" classname="yjp.SkuListInterfaceTest"/>
  <testcase name="getFail3" time="0.009" classname="yjp.SkuListInterfaceTest"/>
  <testcase name="getFail2" time="0.010" classname="yjp.SkuListInterfaceTest"/>
</testsuite> <!-- yjp.SkuListInterfaceTest -->
