<?xml version="1.0" encoding="UTF-8"?>
<!-- Generated by org.testng.reporters.JUnitReportReporter -->
<testsuite hostname="LAPTOP-GAD15EJN" name="interfacetest.SkuListInterfaceTest" tests="5" failures="0" timestamp="17 Dec 2019 06:03:06 GMT" time="0.102" errors="0">
  <testcase name="getFail2" time="0.008" classname="interfacetest.SkuListInterfaceTest"/>
  <testcase name="getFail1" time="0.011" classname="interfacetest.SkuListInterfaceTest"/>
  <testcase name="getFail3" time="0.009" classname="interfacetest.SkuListInterfaceTest"/>
  <testcase name="getAll" time="0.061" classname="interfacetest.SkuListInterfaceTest"/>
  <testcase name="getGoodId" time="0.013" classname="interfacetest.SkuListInterfaceTest"/>
</testsuite> <!-- interfacetest.SkuListInterfaceTest -->
