<?xml version="1.0" encoding="UTF-8"?>
<!-- Generated by org.testng.reporters.JUnitReportReporter -->
<testsuite hostname="LAPTOP-GAD15EJN" name="interfacetest.Sumbit" tests="11" failures="0" timestamp="17 Dec 2019 06:03:06 GMT" time="0.305" errors="0">
  <testcase name="submitTest" time="0.021" classname="interfacetest.Sumbit"/>
  <testcase name="submitTest" time="0.024" classname="interfacetest.Sumbit"/>
  <testcase name="submitTest" time="0.021" classname="interfacetest.Sumbit"/>
  <testcase name="NullLogin" time="0.033" classname="interfacetest.Sumbit"/>
  <testcase name="submitTest" time="0.067" classname="interfacetest.Sumbit"/>
  <testcase name="submitTest" time="0.020" classname="interfacetest.Sumbit"/>
  <testcase name="submitTest" time="0.025" classname="interfacetest.Sumbit"/>
  <testcase name="LoginFalse" time="0.016" classname="interfacetest.Sumbit"/>
  <testcase name="submitTest" time="0.031" classname="interfacetest.Sumbit"/>
  <testcase name="submitTest" time="0.025" classname="interfacetest.Sumbit"/>
  <testcase name="submitTest" time="0.022" classname="interfacetest.Sumbit"/>
</testsuite> <!-- interfacetest.Sumbit -->
