<?xml version="1.0" encoding="UTF-8"?>
<!-- Generated by org.testng.reporters.JUnitReportReporter -->
<testsuite hostname="LAPTOP-GAD15EJN" name="wxp.Login" tests="5" failures="0" timestamp="11 Dec 2019 08:40:21 GMT" time="1.339" errors="0">
  <testcase name="testLoginSuccess" time="1.266" classname="wxp.Login"/>
  <testcase name="testLoginForNullNumber" time="0.013" classname="wxp.Login"/>
  <testcase name="testLoginWrongPhone" time="0.018" classname="wxp.Login"/>
  <testcase name="testLoginWrongPwd" time="0.029" classname="wxp.Login"/>
  <testcase name="testLoginForWrongArea" time="0.013" classname="wxp.Login"/>
</testsuite> <!-- wxp.Login -->
