<?xml version="1.0" encoding="UTF-8"?>
<!-- Generated by org.testng.reporters.JUnitReportReporter -->
<testsuite hostname="LAPTOP-GAD15EJN" name="interfacetest.TestDelete" tests="9" failures="0" timestamp="17 Dec 2019 06:03:06 GMT" time="0.151" errors="0">
  <testcase name="testDelete1" time="0.008" classname="interfacetest.TestDelete"/>
  <testcase name="testDelete2" time="0.007" classname="interfacetest.TestDelete"/>
  <testcase name="testDelete9" time="0.018" classname="interfacetest.TestDelete"/>
  <testcase name="testDelete4" time="0.045" classname="interfacetest.TestDelete"/>
  <testcase name="testDelete7" time="0.024" classname="interfacetest.TestDelete"/>
  <testcase name="testDelete3" time="0.006" classname="interfacetest.TestDelete"/>
  <testcase name="testDelete6" time="0.015" classname="interfacetest.TestDelete"/>
  <testcase name="testDelete5" time="0.013" classname="interfacetest.TestDelete"/>
  <testcase name="testDelete8" time="0.015" classname="interfacetest.TestDelete"/>
</testsuite> <!-- interfacetest.TestDelete -->
