<?xml version="1.0" encoding="UTF-8"?>
<!-- Generated by org.testng.reporters.JUnitReportReporter -->
<testsuite hostname="LAPTOP-GAD15EJN" name="interfacetest.TestaddressList" tests="2" failures="0" timestamp="18 Dec 2019 06:20:06 GMT" time="0.018" errors="0">
  <testcase name="addressList" time="0.008" classname="interfacetest.TestaddressList"/>
  <testcase name="wrongAddressList" time="0.010" classname="interfacetest.TestaddressList"/>
</testsuite> <!-- interfacetest.TestaddressList -->
