<?xml version="1.0" encoding="UTF-8"?>
<!-- Generated by org.testng.reporters.JUnitReportReporter -->
<testsuite hostname="LAPTOP-GAD15EJN" name="interfacetest.TestTransFree" tests="3" failures="0" timestamp="17 Dec 2019 06:03:06 GMT" time="0.051" errors="0">
  <testcase name="test3" time="0.010" classname="interfacetest.TestTransFree"/>
  <testcase name="test2" time="0.013" classname="interfacetest.TestTransFree"/>
  <testcase name="test1" time="0.028" classname="interfacetest.TestTransFree"/>
</testsuite> <!-- interfacetest.TestTransFree -->
