<?xml version="1.0" encoding="UTF-8"?>
<!-- Generated by org.testng.reporters.JUnitReportReporter -->
<testsuite hostname="LAPTOP-GAD15EJN" name="interfacetest.TestaddressList" tests="2" failures="0" timestamp="17 Dec 2019 06:03:06 GMT" time="0.022" errors="0">
  <testcase name="addressList" time="0.010" classname="interfacetest.TestaddressList"/>
  <testcase name="wrongAddressList" time="0.012" classname="interfacetest.TestaddressList"/>
</testsuite> <!-- interfacetest.TestaddressList -->
