<?xml version="1.0" encoding="UTF-8"?>
<!-- Generated by org.testng.reporters.JUnitReportReporter -->
<testsuite hostname="LAPTOP-GAD15EJN" name="interfacetest.Sumbit" tests="11" failures="0" timestamp="18 Dec 2019 06:20:06 GMT" time="0.224" errors="0">
  <testcase name="LoginFalse" time="0.016" classname="interfacetest.Sumbit"/>
  <testcase name="submitTest" time="0.035" classname="interfacetest.Sumbit"/>
  <testcase name="submitTest" time="0.018" classname="interfacetest.Sumbit"/>
  <testcase name="submitTest" time="0.018" classname="interfacetest.Sumbit"/>
  <testcase name="submitTest" time="0.018" classname="interfacetest.Sumbit"/>
  <testcase name="submitTest" time="0.027" classname="interfacetest.Sumbit"/>
  <testcase name="submitTest" time="0.017" classname="interfacetest.Sumbit"/>
  <testcase name="submitTest" time="0.025" classname="interfacetest.Sumbit"/>
  <testcase name="NullLogin" time="0.009" classname="interfacetest.Sumbit"/>
  <testcase name="submitTest" time="0.017" classname="interfacetest.Sumbit"/>
  <testcase name="submitTest" time="0.024" classname="interfacetest.Sumbit"/>
</testsuite> <!-- interfacetest.Sumbit -->
