<?xml version="1.0" encoding="UTF-8"?>
<!-- Generated by org.testng.reporters.JUnitReportReporter -->
<testsuite hostname="LAPTOP-GAD15EJN" name="interfacetest.SceneTest01" tests="1" failures="0" timestamp="12 Dec 2019 02:50:54 GMT" time="0.998" errors="0">
  <testcase name="testScene" time="0.998" classname="interfacetest.SceneTest01"/>
</testsuite> <!-- interfacetest.SceneTest01 -->
