<?xml version="1.0" encoding="UTF-8"?>
<!-- Generated by org.testng.reporters.JUnitReportReporter -->
<testsuite hostname="LAPTOP-GAD15EJN" name="interfacetest.SceneTest" tests="5" failures="0" timestamp="17 Dec 2019 06:03:06 GMT" time="0.196" errors="0">
  <testcase name="testScene01" time="0.029" classname="interfacetest.SceneTest"/>
  <testcase name="testScene04" time="0.027" classname="interfacetest.SceneTest"/>
  <testcase name="testScene05" time="0.046" classname="interfacetest.SceneTest"/>
  <testcase name="testScene02" time="0.031" classname="interfacetest.SceneTest"/>
  <testcase name="testScene03" time="0.063" classname="interfacetest.SceneTest"/>
</testsuite> <!-- interfacetest.SceneTest -->
