<?xml version="1.0" encoding="UTF-8"?>
<!-- Generated by org.testng.reporters.JUnitReportReporter -->
<testsuite hostname="LAPTOP-GAD15EJN" name="interfacetest.TestDelete" tests="9" failures="0" timestamp="18 Dec 2019 06:20:06 GMT" time="0.128" errors="0">
  <testcase name="testDelete7" time="0.019" classname="interfacetest.TestDelete"/>
  <testcase name="testDelete4" time="0.009" classname="interfacetest.TestDelete"/>
  <testcase name="testDelete6" time="0.017" classname="interfacetest.TestDelete"/>
  <testcase name="testDelete2" time="0.010" classname="interfacetest.TestDelete"/>
  <testcase name="testDelete8" time="0.016" classname="interfacetest.TestDelete"/>
  <testcase name="testDelete1" time="0.010" classname="interfacetest.TestDelete"/>
  <testcase name="testDelete9" time="0.022" classname="interfacetest.TestDelete"/>
  <testcase name="testDelete5" time="0.018" classname="interfacetest.TestDelete"/>
  <testcase name="testDelete3" time="0.007" classname="interfacetest.TestDelete"/>
</testsuite> <!-- interfacetest.TestDelete -->
