<?xml version="1.0" encoding="UTF-8"?>
<!-- Generated by org.testng.reporters.JUnitReportReporter -->
<testsuite hostname="LAPTOP-GAD15EJN" name="interfacetest.SceneTest" tests="5" failures="0" timestamp="18 Dec 2019 06:20:06 GMT" time="0.179" errors="0">
  <testcase name="testScene02" time="0.037" classname="interfacetest.SceneTest"/>
  <testcase name="testScene05" time="0.044" classname="interfacetest.SceneTest"/>
  <testcase name="testScene03" time="0.042" classname="interfacetest.SceneTest"/>
  <testcase name="testScene01" time="0.035" classname="interfacetest.SceneTest"/>
  <testcase name="testScene04" time="0.021" classname="interfacetest.SceneTest"/>
</testsuite> <!-- interfacetest.SceneTest -->
