<?xml version="1.0" encoding="UTF-8"?>
<!-- Generated by org.testng.reporters.JUnitReportReporter -->
<testsuite hostname="LAPTOP-GAD15EJN" name="interfacetest.TestTransFree" tests="3" failures="0" timestamp="18 Dec 2019 06:20:06 GMT" time="0.062" errors="0">
  <testcase name="test2" time="0.011" classname="interfacetest.TestTransFree"/>
  <testcase name="test1" time="0.027" classname="interfacetest.TestTransFree"/>
  <testcase name="test3" time="0.024" classname="interfacetest.TestTransFree"/>
</testsuite> <!-- interfacetest.TestTransFree -->
